<?xml version="1.0" encoding="UTF-8"?>
<testng-results ignored="0" total="1" passed="1" failed="0" skipped="0">
  <reporter-output>
  </reporter-output>
  <suite started-at="2021-04-11T13:13:27 BST" name="All Test Suite" finished-at="2021-04-11T13:13:42 BST" duration-ms="14763">
    <groups>
    </groups>
    <test started-at="2021-04-11T13:13:27 BST" name="/Users/deepapappachan/Documents/Studies/Selenium_Udemy/E2E" finished-at="2021-04-11T13:13:42 BST" duration-ms="14763">
      <class name="org.Academy.homePage">
        <test-method signature="basePageNavigation(java.lang.String,java.lang.String)[pri:0, instance:org.Academy.homePage@78047b92]" started-at="2021-04-11T13:13:28 BST" name="basePageNavigation" data-provider="getData" finished-at="2021-04-11T13:13:42 BST" duration-ms="14469" status="PASS">
          <params>
            <param index="0">
              <value>
                <![CDATA[testusername]]>
              </value>
            </param>
            <param index="1">
              <value>
                <![CDATA[testpassword]]>
              </value>
            </param>
          </params>
          <reporter-output>
          </reporter-output>
        </test-method> <!-- basePageNavigation -->
        <test-method is-config="true" signature="test()[pri:0, instance:org.Academy.homePage@78047b92]" started-at="2021-04-11T13:13:42 BST" name="test" finished-at="2021-04-11T13:13:42 BST" duration-ms="244" status="PASS">
          <reporter-output>
          </reporter-output>
        </test-method> <!-- test -->
      </class> <!-- org.Academy.homePage -->
    </test> <!-- /Users/deepapappachan/Documents/Studies/Selenium_Udemy/E2E -->
  </suite> <!-- All Test Suite -->
</testng-results>
